0 info it worked if it ends with ok
1 verbose cli [ '/usr/local/bin/node',
1 verbose cli   '/usr/local/bin/npm',
1 verbose cli   'install',
1 verbose cli   'pigpio',
1 verbose cli   '--save' ]
2 info using npm@3.10.10
3 info using node@v6.11.4
4 silly loadCurrentTree Starting
5 silly install loadCurrentTree
6 silly install readLocalPackageData
7 silly fetchPackageMetaData pigpio
8 silly fetchNamedPackageData pigpio
9 silly mapToRegistry name pigpio
10 silly mapToRegistry using default registry
11 silly mapToRegistry registry https://registry.npmjs.org/
12 silly mapToRegistry data Result {
12 silly mapToRegistry   raw: 'pigpio',
12 silly mapToRegistry   scope: null,
12 silly mapToRegistry   escapedName: 'pigpio',
12 silly mapToRegistry   name: 'pigpio',
12 silly mapToRegistry   rawSpec: '',
12 silly mapToRegistry   spec: 'latest',
12 silly mapToRegistry   type: 'tag' }
13 silly mapToRegistry uri https://registry.npmjs.org/pigpio
14 verbose request uri https://registry.npmjs.org/pigpio
15 verbose request no auth needed
16 info attempt registry request try #1 at 10:26:00 PM
17 verbose request id 473cbd9aa93995bf
18 http request GET https://registry.npmjs.org/pigpio
19 http 200 https://registry.npmjs.org/pigpio
20 verbose headers { date: 'Thu, 16 Aug 2018 02:26:00 GMT',
20 verbose headers   'content-type': 'application/json; charset=UTF-8',
20 verbose headers   'transfer-encoding': 'chunked',
20 verbose headers   connection: 'keep-alive',
20 verbose headers   'set-cookie': [ '__cfduid=d35a3fc9b3e47f12c8672fdfd86d4bc171534386360; expires=Fri, 16-Aug-19 02:26:00 GMT; path=/; domain=.registry.npmjs.org; HttpOnly' ],
20 verbose headers   'cache-control': 'max-age=300',
20 verbose headers   'cf-cache-status': 'REVALIDATED',
20 verbose headers   'cf-ray': '44b0741ef9cf9f42-IAD',
20 verbose headers   etag: 'W/"4b1be2310b8a2c66bd6d3b0aa8217cd8"',
20 verbose headers   'expect-ct': 'max-age=604800, report-uri="https://report-uri.cloudflare.com/cdn-cgi/beacon/expect-ct"',
20 verbose headers   'last-modified': 'Fri, 27 Jul 2018 17:47:37 GMT',
20 verbose headers   vary: 'accept-encoding, accept',
20 verbose headers   server: 'cloudflare',
20 verbose headers   'content-encoding': 'gzip' }
21 silly get cb [ 200,
21 silly get   { date: 'Thu, 16 Aug 2018 02:26:00 GMT',
21 silly get     'content-type': 'application/json; charset=UTF-8',
21 silly get     'transfer-encoding': 'chunked',
21 silly get     connection: 'keep-alive',
21 silly get     'set-cookie': [ '__cfduid=d35a3fc9b3e47f12c8672fdfd86d4bc171534386360; expires=Fri, 16-Aug-19 02:26:00 GMT; path=/; domain=.registry.npmjs.org; HttpOnly' ],
21 silly get     'cache-control': 'max-age=300',
21 silly get     'cf-cache-status': 'REVALIDATED',
21 silly get     'cf-ray': '44b0741ef9cf9f42-IAD',
21 silly get     etag: 'W/"4b1be2310b8a2c66bd6d3b0aa8217cd8"',
21 silly get     'expect-ct': 'max-age=604800, report-uri="https://report-uri.cloudflare.com/cdn-cgi/beacon/expect-ct"',
21 silly get     'last-modified': 'Fri, 27 Jul 2018 17:47:37 GMT',
21 silly get     vary: 'accept-encoding, accept',
21 silly get     server: 'cloudflare',
21 silly get     'content-encoding': 'gzip' } ]
22 verbose get saving pigpio to /Users/David/.npm/registry.npmjs.org/pigpio/.cache.json
23 verbose correctMkdir /Users/David/.npm correctMkdir not in flight; initializing
24 silly install normalizeTree
25 silly loadCurrentTree Finishing
26 silly loadIdealTree Starting
27 silly install loadIdealTree
28 silly cloneCurrentTree Starting
29 silly install cloneCurrentTreeToIdealTree
30 silly cloneCurrentTree Finishing
31 silly loadShrinkwrap Starting
32 silly install loadShrinkwrap
33 silly loadShrinkwrap Finishing
34 silly loadAllDepsIntoIdealTree Starting
35 silly install loadAllDepsIntoIdealTree
36 silly resolveWithNewModule pigpio@1.1.2 checking installable status
37 silly cache add args [ 'pigpio', null ]
38 verbose cache add spec pigpio
39 silly cache add parsed spec Result {
39 silly cache add   raw: 'pigpio',
39 silly cache add   scope: null,
39 silly cache add   escapedName: 'pigpio',
39 silly cache add   name: 'pigpio',
39 silly cache add   rawSpec: '',
39 silly cache add   spec: 'latest',
39 silly cache add   type: 'tag' }
40 silly addNamed pigpio@latest
41 verbose addNamed "latest" is being treated as a dist-tag for pigpio
42 info addNameTag [ 'pigpio', 'latest' ]
43 silly mapToRegistry name pigpio
44 silly mapToRegistry using default registry
45 silly mapToRegistry registry https://registry.npmjs.org/
46 silly mapToRegistry data Result {
46 silly mapToRegistry   raw: 'pigpio',
46 silly mapToRegistry   scope: null,
46 silly mapToRegistry   escapedName: 'pigpio',
46 silly mapToRegistry   name: 'pigpio',
46 silly mapToRegistry   rawSpec: '',
46 silly mapToRegistry   spec: 'latest',
46 silly mapToRegistry   type: 'tag' }
47 silly mapToRegistry uri https://registry.npmjs.org/pigpio
48 verbose addNameTag registry:https://registry.npmjs.org/pigpio not in flight; fetching
49 verbose get https://registry.npmjs.org/pigpio not expired, no request
50 silly addNameTag next cb for pigpio with tag latest
51 silly addNamed pigpio@1.1.2
52 verbose addNamed "1.1.2" is a plain semver version for pigpio
53 silly mapToRegistry name pigpio
54 silly mapToRegistry using default registry
55 silly mapToRegistry registry https://registry.npmjs.org/
56 silly mapToRegistry data Result {
56 silly mapToRegistry   raw: 'pigpio',
56 silly mapToRegistry   scope: null,
56 silly mapToRegistry   escapedName: 'pigpio',
56 silly mapToRegistry   name: 'pigpio',
56 silly mapToRegistry   rawSpec: '',
56 silly mapToRegistry   spec: 'latest',
56 silly mapToRegistry   type: 'tag' }
57 silly mapToRegistry uri https://registry.npmjs.org/pigpio
58 verbose addRemoteTarball https://registry.npmjs.org/pigpio/-/pigpio-1.1.2.tgz not in flight; adding
59 verbose addRemoteTarball [ 'https://registry.npmjs.org/pigpio/-/pigpio-1.1.2.tgz',
59 verbose addRemoteTarball   '53f76dfafcab0fe2a934cbc142ce65ee0dd9b034' ]
60 info retry fetch attempt 1 at 10:26:00 PM
61 info attempt registry request try #1 at 10:26:00 PM
62 http fetch GET https://registry.npmjs.org/pigpio/-/pigpio-1.1.2.tgz
63 http fetch 200 https://registry.npmjs.org/pigpio/-/pigpio-1.1.2.tgz
64 silly fetchAndShaCheck shasum 53f76dfafcab0fe2a934cbc142ce65ee0dd9b034
65 verbose addTmpTarball /var/folders/sj/2g1myxx949qfwd79cgq91xb00000gn/T/npm-37122-f0548029/registry.npmjs.org/pigpio/-/pigpio-1.1.2.tgz not in flight; adding
66 verbose addTmpTarball already have metadata; skipping unpack for pigpio@1.1.2
67 verbose correctMkdir /Users/David/.npm correctMkdir not in flight; initializing
68 silly cache afterAdd pigpio@1.1.2
69 verbose afterAdd /Users/David/.npm/pigpio/1.1.2/package/package.json not in flight; writing
70 verbose correctMkdir /Users/David/.npm correctMkdir not in flight; initializing
71 verbose afterAdd /Users/David/.npm/pigpio/1.1.2/package/package.json written
72 silly fetchNamedPackageData bindings
73 silly mapToRegistry name bindings
74 silly mapToRegistry using default registry
75 silly mapToRegistry registry https://registry.npmjs.org/
76 silly mapToRegistry data Result {
76 silly mapToRegistry   raw: 'bindings',
76 silly mapToRegistry   scope: null,
76 silly mapToRegistry   escapedName: 'bindings',
76 silly mapToRegistry   name: 'bindings',
76 silly mapToRegistry   rawSpec: '',
76 silly mapToRegistry   spec: 'latest',
76 silly mapToRegistry   type: 'tag' }
77 silly mapToRegistry uri https://registry.npmjs.org/bindings
78 silly fetchNamedPackageData nan
79 silly mapToRegistry name nan
80 silly mapToRegistry using default registry
81 silly mapToRegistry registry https://registry.npmjs.org/
82 silly mapToRegistry data Result {
82 silly mapToRegistry   raw: 'nan',
82 silly mapToRegistry   scope: null,
82 silly mapToRegistry   escapedName: 'nan',
82 silly mapToRegistry   name: 'nan',
82 silly mapToRegistry   rawSpec: '',
82 silly mapToRegistry   spec: 'latest',
82 silly mapToRegistry   type: 'tag' }
83 silly mapToRegistry uri https://registry.npmjs.org/nan
84 verbose request uri https://registry.npmjs.org/bindings
85 verbose request no auth needed
86 info attempt registry request try #1 at 10:26:02 PM
87 http request GET https://registry.npmjs.org/bindings
88 verbose request uri https://registry.npmjs.org/nan
89 verbose request no auth needed
90 info attempt registry request try #1 at 10:26:02 PM
91 verbose etag W/"249a7c29055ea21c4b8d244bd7b33a97"
92 verbose lastModified Sun, 27 May 2018 09:01:11 GMT
93 http request GET https://registry.npmjs.org/nan
94 http 200 https://registry.npmjs.org/bindings
95 verbose headers { date: 'Thu, 16 Aug 2018 02:26:02 GMT',
95 verbose headers   'content-type': 'application/json; charset=UTF-8',
95 verbose headers   'transfer-encoding': 'chunked',
95 verbose headers   connection: 'keep-alive',
95 verbose headers   'set-cookie': [ '__cfduid=d1902d6aa8b0231189c8dc4923d9075bc1534386362; expires=Fri, 16-Aug-19 02:26:02 GMT; path=/; domain=.registry.npmjs.org; HttpOnly' ],
95 verbose headers   'cache-control': 'max-age=300',
95 verbose headers   'cf-cache-status': 'HIT',
95 verbose headers   'cf-ray': '44b0742a9d4e9f42-IAD',
95 verbose headers   etag: 'W/"032d1e4fd790b7bf3a22d4035271b1a6"',
95 verbose headers   'expect-ct': 'max-age=604800, report-uri="https://report-uri.cloudflare.com/cdn-cgi/beacon/expect-ct"',
95 verbose headers   'last-modified': 'Sat, 26 May 2018 18:26:50 GMT',
95 verbose headers   vary: 'accept-encoding, accept',
95 verbose headers   server: 'cloudflare',
95 verbose headers   'content-encoding': 'gzip' }
96 silly get cb [ 200,
96 silly get   { date: 'Thu, 16 Aug 2018 02:26:02 GMT',
96 silly get     'content-type': 'application/json; charset=UTF-8',
96 silly get     'transfer-encoding': 'chunked',
96 silly get     connection: 'keep-alive',
96 silly get     'set-cookie': [ '__cfduid=d1902d6aa8b0231189c8dc4923d9075bc1534386362; expires=Fri, 16-Aug-19 02:26:02 GMT; path=/; domain=.registry.npmjs.org; HttpOnly' ],
96 silly get     'cache-control': 'max-age=300',
96 silly get     'cf-cache-status': 'HIT',
96 silly get     'cf-ray': '44b0742a9d4e9f42-IAD',
96 silly get     etag: 'W/"032d1e4fd790b7bf3a22d4035271b1a6"',
96 silly get     'expect-ct': 'max-age=604800, report-uri="https://report-uri.cloudflare.com/cdn-cgi/beacon/expect-ct"',
96 silly get     'last-modified': 'Sat, 26 May 2018 18:26:50 GMT',
96 silly get     vary: 'accept-encoding, accept',
96 silly get     server: 'cloudflare',
96 silly get     'content-encoding': 'gzip' } ]
97 verbose get saving bindings to /Users/David/.npm/registry.npmjs.org/bindings/.cache.json
98 verbose correctMkdir /Users/David/.npm correctMkdir not in flight; initializing
99 silly resolveWithNewModule bindings@1.3.0 checking installable status
100 silly cache add args [ 'bindings@^1.3.0', null ]
101 verbose cache add spec bindings@^1.3.0
102 silly cache add parsed spec Result {
102 silly cache add   raw: 'bindings@^1.3.0',
102 silly cache add   scope: null,
102 silly cache add   escapedName: 'bindings',
102 silly cache add   name: 'bindings',
102 silly cache add   rawSpec: '^1.3.0',
102 silly cache add   spec: '>=1.3.0 <2.0.0',
102 silly cache add   type: 'range' }
103 silly addNamed bindings@>=1.3.0 <2.0.0
104 verbose addNamed ">=1.3.0 <2.0.0" is a valid semver range for bindings
105 silly addNameRange { name: 'bindings', range: '>=1.3.0 <2.0.0', hasData: false }
106 silly mapToRegistry name bindings
107 silly mapToRegistry using default registry
108 silly mapToRegistry registry https://registry.npmjs.org/
109 silly mapToRegistry data Result {
109 silly mapToRegistry   raw: 'bindings',
109 silly mapToRegistry   scope: null,
109 silly mapToRegistry   escapedName: 'bindings',
109 silly mapToRegistry   name: 'bindings',
109 silly mapToRegistry   rawSpec: '',
109 silly mapToRegistry   spec: 'latest',
109 silly mapToRegistry   type: 'tag' }
110 silly mapToRegistry uri https://registry.npmjs.org/bindings
111 verbose addNameRange registry:https://registry.npmjs.org/bindings not in flight; fetching
112 verbose get https://registry.npmjs.org/bindings not expired, no request
113 silly addNameRange number 2 { name: 'bindings', range: '>=1.3.0 <2.0.0', hasData: true }
114 silly addNameRange versions [ 'bindings',
114 silly addNameRange   [ '0.0.1',
114 silly addNameRange     '0.1.0',
114 silly addNameRange     '0.1.1',
114 silly addNameRange     '0.2.0',
114 silly addNameRange     '0.2.1',
114 silly addNameRange     '0.2.2',
114 silly addNameRange     '0.2.3',
114 silly addNameRange     '0.2.4',
114 silly addNameRange     '0.3.0',
114 silly addNameRange     '0.4.0',
114 silly addNameRange     '1.0.0',
114 silly addNameRange     '1.1.0',
114 silly addNameRange     '1.1.1',
114 silly addNameRange     '1.2.0',
114 silly addNameRange     '1.2.1',
114 silly addNameRange     '1.3.0' ] ]
115 silly addNamed bindings@1.3.0
116 verbose addNamed "1.3.0" is a plain semver version for bindings
117 silly mapToRegistry name bindings
118 silly mapToRegistry using default registry
119 silly mapToRegistry registry https://registry.npmjs.org/
120 silly mapToRegistry data Result {
120 silly mapToRegistry   raw: 'bindings',
120 silly mapToRegistry   scope: null,
120 silly mapToRegistry   escapedName: 'bindings',
120 silly mapToRegistry   name: 'bindings',
120 silly mapToRegistry   rawSpec: '',
120 silly mapToRegistry   spec: 'latest',
120 silly mapToRegistry   type: 'tag' }
121 silly mapToRegistry uri https://registry.npmjs.org/bindings
122 verbose addRemoteTarball https://registry.npmjs.org/bindings/-/bindings-1.3.0.tgz not in flight; adding
123 verbose addRemoteTarball [ 'https://registry.npmjs.org/bindings/-/bindings-1.3.0.tgz',
123 verbose addRemoteTarball   'b346f6ecf6a95f5a815c5839fc7cdb22502f1ed7' ]
124 info retry fetch attempt 1 at 10:26:02 PM
125 info attempt registry request try #1 at 10:26:02 PM
126 http fetch GET https://registry.npmjs.org/bindings/-/bindings-1.3.0.tgz
127 http fetch 200 https://registry.npmjs.org/bindings/-/bindings-1.3.0.tgz
128 silly fetchAndShaCheck shasum b346f6ecf6a95f5a815c5839fc7cdb22502f1ed7
129 verbose addTmpTarball /var/folders/sj/2g1myxx949qfwd79cgq91xb00000gn/T/npm-37122-f0548029/registry.npmjs.org/bindings/-/bindings-1.3.0.tgz not in flight; adding
130 verbose addTmpTarball already have metadata; skipping unpack for bindings@1.3.0
131 verbose correctMkdir /Users/David/.npm correctMkdir not in flight; initializing
132 silly cache afterAdd bindings@1.3.0
133 verbose afterAdd /Users/David/.npm/bindings/1.3.0/package/package.json not in flight; writing
134 verbose correctMkdir /Users/David/.npm correctMkdir not in flight; initializing
135 verbose afterAdd /Users/David/.npm/bindings/1.3.0/package/package.json written
136 http 304 https://registry.npmjs.org/nan
137 verbose headers { date: 'Thu, 16 Aug 2018 02:26:02 GMT',
137 verbose headers   connection: 'keep-alive',
137 verbose headers   'set-cookie': [ '__cfduid=dac3dbb5a88f240fb029116cb1ee8eb911534386362; expires=Fri, 16-Aug-19 02:26:02 GMT; path=/; domain=.registry.npmjs.org; HttpOnly' ],
137 verbose headers   'cache-control': 'max-age=300',
137 verbose headers   'cf-cache-status': 'HIT',
137 verbose headers   'cf-ray': '44b0742aeeff95bc-IAD',
137 verbose headers   etag: '"249a7c29055ea21c4b8d244bd7b33a97"',
137 verbose headers   'expect-ct': 'max-age=604800, report-uri="https://report-uri.cloudflare.com/cdn-cgi/beacon/expect-ct"',
137 verbose headers   'last-modified': 'Sun, 27 May 2018 09:01:11 GMT',
137 verbose headers   vary: 'accept-encoding, accept',
137 verbose headers   server: 'cloudflare' }
138 silly get cb [ 304,
138 silly get   { date: 'Thu, 16 Aug 2018 02:26:02 GMT',
138 silly get     connection: 'keep-alive',
138 silly get     'set-cookie': [ '__cfduid=dac3dbb5a88f240fb029116cb1ee8eb911534386362; expires=Fri, 16-Aug-19 02:26:02 GMT; path=/; domain=.registry.npmjs.org; HttpOnly' ],
138 silly get     'cache-control': 'max-age=300',
138 silly get     'cf-cache-status': 'HIT',
138 silly get     'cf-ray': '44b0742aeeff95bc-IAD',
138 silly get     etag: '"249a7c29055ea21c4b8d244bd7b33a97"',
138 silly get     'expect-ct': 'max-age=604800, report-uri="https://report-uri.cloudflare.com/cdn-cgi/beacon/expect-ct"',
138 silly get     'last-modified': 'Sun, 27 May 2018 09:01:11 GMT',
138 silly get     vary: 'accept-encoding, accept',
138 silly get     server: 'cloudflare' } ]
139 verbose etag https://registry.npmjs.org/nan from cache
140 verbose get saving nan to /Users/David/.npm/registry.npmjs.org/nan/.cache.json
141 verbose correctMkdir /Users/David/.npm correctMkdir not in flight; initializing
142 silly resolveWithNewModule nan@2.10.0 checking installable status
143 silly cache add args [ 'nan@^2.10.0', null ]
144 verbose cache add spec nan@^2.10.0
145 silly cache add parsed spec Result {
145 silly cache add   raw: 'nan@^2.10.0',
145 silly cache add   scope: null,
145 silly cache add   escapedName: 'nan',
145 silly cache add   name: 'nan',
145 silly cache add   rawSpec: '^2.10.0',
145 silly cache add   spec: '>=2.10.0 <3.0.0',
145 silly cache add   type: 'range' }
146 silly addNamed nan@>=2.10.0 <3.0.0
147 verbose addNamed ">=2.10.0 <3.0.0" is a valid semver range for nan
148 silly addNameRange { name: 'nan', range: '>=2.10.0 <3.0.0', hasData: false }
149 silly mapToRegistry name nan
150 silly mapToRegistry using default registry
151 silly mapToRegistry registry https://registry.npmjs.org/
152 silly mapToRegistry data Result {
152 silly mapToRegistry   raw: 'nan',
152 silly mapToRegistry   scope: null,
152 silly mapToRegistry   escapedName: 'nan',
152 silly mapToRegistry   name: 'nan',
152 silly mapToRegistry   rawSpec: '',
152 silly mapToRegistry   spec: 'latest',
152 silly mapToRegistry   type: 'tag' }
153 silly mapToRegistry uri https://registry.npmjs.org/nan
154 verbose addNameRange registry:https://registry.npmjs.org/nan not in flight; fetching
155 verbose get https://registry.npmjs.org/nan not expired, no request
156 silly addNameRange number 2 { name: 'nan', range: '>=2.10.0 <3.0.0', hasData: true }
157 silly addNameRange versions [ 'nan',
157 silly addNameRange   [ '0.3.0-wip',
157 silly addNameRange     '0.3.0-wip2',
157 silly addNameRange     '0.3.0',
157 silly addNameRange     '0.3.1',
157 silly addNameRange     '0.3.2',
157 silly addNameRange     '0.4.0',
157 silly addNameRange     '0.4.1',
157 silly addNameRange     '0.4.2',
157 silly addNameRange     '0.4.3',
157 silly addNameRange     '0.4.4',
157 silly addNameRange     '0.5.0',
157 silly addNameRange     '0.5.1',
157 silly addNameRange     '0.5.2',
157 silly addNameRange     '0.6.0',
157 silly addNameRange     '0.7.0',
157 silly addNameRange     '0.7.1',
157 silly addNameRange     '0.8.0',
157 silly addNameRange     '1.0.0',
157 silly addNameRange     '1.1.0',
157 silly addNameRange     '1.1.1',
157 silly addNameRange     '1.1.2',
157 silly addNameRange     '1.2.0',
157 silly addNameRange     '1.3.0',
157 silly addNameRange     '1.4.0',
157 silly addNameRange     '1.4.1',
157 silly addNameRange     '1.5.0',
157 silly addNameRange     '1.4.2',
157 silly addNameRange     '1.4.3',
157 silly addNameRange     '1.5.1',
157 silly addNameRange     '1.5.2',
157 silly addNameRange     '1.6.0',
157 silly addNameRange     '1.5.3',
157 silly addNameRange     '1.6.1',
157 silly addNameRange     '1.6.2',
157 silly addNameRange     '1.7.0',
157 silly addNameRange     '1.8.0',
157 silly addNameRange     '1.8.1',
157 silly addNameRange     '1.8.2',
157 silly addNameRange     '1.8.3',
157 silly addNameRange     '1.8.4',
157 silly addNameRange     '1.9.0',
157 silly addNameRange     '2.0.0',
157 silly addNameRange     '2.0.1',
157 silly addNameRange     '2.0.2',
157 silly addNameRange     '2.0.3',
157 silly addNameRange     '2.0.4',
157 silly addNameRange     '2.0.5',
157 silly addNameRange     '2.0.6',
157 silly addNameRange     '2.0.7',
157 silly addNameRange     '2.0.8',
157 silly addNameRange     '2.0.9',
157 silly addNameRange     '2.1.0',
157 silly addNameRange     '2.2.0',
157 silly addNameRange     '2.2.1',
157 silly addNameRange     '2.3.0',
157 silly addNameRange     '2.3.1',
157 silly addNameRange     '2.3.2',
157 silly addNameRange     '2.3.3',
157 silly addNameRange     '2.3.4',
157 silly addNameRange     '2.3.5',
157 silly addNameRange     '2.4.0',
157 silly addNameRange     '2.5.0',
157 silly addNameRange     '2.5.1',
157 silly addNameRange     '2.6.0',
157 silly addNameRange     '2.6.1',
157 silly addNameRange     '2.6.2',
157 silly addNameRange     '2.7.0',
157 silly addNameRange     '2.8.0',
157 silly addNameRange     '2.9.1',
157 silly addNameRange     '2.9.2',
157 silly addNameRange     '2.10.0' ] ]
158 silly addNamed nan@2.10.0
159 verbose addNamed "2.10.0" is a plain semver version for nan
160 silly cache afterAdd nan@2.10.0
161 verbose afterAdd /Users/David/.npm/nan/2.10.0/package/package.json not in flight; writing
162 verbose correctMkdir /Users/David/.npm correctMkdir not in flight; initializing
163 verbose afterAdd /Users/David/.npm/nan/2.10.0/package/package.json written
164 silly loadAllDepsIntoIdealTree Finishing
165 silly loadIdealTree Finishing
166 silly currentTree ledlights@1.0.0
166 silly currentTree ├── @types/babel-types@7.0.4
166 silly currentTree ├── @types/babylon@6.16.3
166 silly currentTree ├── accepts@1.3.5
166 silly currentTree ├─┬ acorn-globals@3.1.0
166 silly currentTree │ └── acorn@4.0.13
166 silly currentTree ├── acorn@3.3.0
166 silly currentTree ├── align-text@0.1.4
166 silly currentTree ├── array-flatten@1.1.1
166 silly currentTree ├── asap@2.0.6
166 silly currentTree ├── babel-runtime@6.26.0
166 silly currentTree ├── babel-types@6.26.0
166 silly currentTree ├── babylon@6.18.0
166 silly currentTree ├─┬ body-parser@1.18.3
166 silly currentTree │ └── qs@6.5.2
166 silly currentTree ├── bytes@3.0.0
166 silly currentTree ├── camelcase@1.2.1
166 silly currentTree ├── center-align@0.1.3
166 silly currentTree ├── character-parser@2.2.0
166 silly currentTree ├── clean-css@4.2.1
166 silly currentTree ├── cliui@2.1.0
166 silly currentTree ├── constantinople@3.1.2
166 silly currentTree ├── content-disposition@0.5.2
166 silly currentTree ├── content-type@1.0.4
166 silly currentTree ├── cookie-signature@1.0.6
166 silly currentTree ├── cookie@0.3.1
166 silly currentTree ├── core-js@2.5.7
166 silly currentTree ├── debug@2.6.9
166 silly currentTree ├── decamelize@1.2.0
166 silly currentTree ├── depd@1.1.2
166 silly currentTree ├── destroy@1.0.4
166 silly currentTree ├── doctypes@1.1.0
166 silly currentTree ├── ee-first@1.1.1
166 silly currentTree ├── ejs@2.6.1
166 silly currentTree ├── encodeurl@1.0.2
166 silly currentTree ├── escape-html@1.0.3
166 silly currentTree ├── esutils@2.0.2
166 silly currentTree ├── etag@1.8.1
166 silly currentTree ├─┬ express@4.16.3
166 silly currentTree │ ├── body-parser@1.18.2
166 silly currentTree │ ├── iconv-lite@0.4.19
166 silly currentTree │ └─┬ raw-body@2.3.2
166 silly currentTree │   ├── depd@1.1.1
166 silly currentTree │   ├── http-errors@1.6.2
166 silly currentTree │   └── setprototypeof@1.0.3
166 silly currentTree ├── finalhandler@1.1.1
166 silly currentTree ├── forwarded@0.1.2
166 silly currentTree ├── fresh@0.5.2
166 silly currentTree ├── function-bind@1.1.1
166 silly currentTree ├── has@1.0.3
166 silly currentTree ├── http-errors@1.6.3
166 silly currentTree ├── iconv-lite@0.4.23
166 silly currentTree ├── inherits@2.0.3
166 silly currentTree ├── ipaddr.js@1.8.0
166 silly currentTree ├── is-buffer@1.1.6
166 silly currentTree ├─┬ is-expression@3.0.0
166 silly currentTree │ └── acorn@4.0.13
166 silly currentTree ├── is-promise@2.1.0
166 silly currentTree ├── is-regex@1.0.4
166 silly currentTree ├── js-stringify@1.0.2
166 silly currentTree ├── jstransformer@1.0.0
166 silly currentTree ├── kind-of@3.2.2
166 silly currentTree ├── lazy-cache@1.0.4
166 silly currentTree ├── lodash@4.17.10
166 silly currentTree ├── longest@1.0.1
166 silly currentTree ├── media-typer@0.3.0
166 silly currentTree ├── merge-descriptors@1.0.1
166 silly currentTree ├── methods@1.1.2
166 silly currentTree ├── mime-db@1.35.0
166 silly currentTree ├── mime-types@2.1.19
166 silly currentTree ├── mime@1.4.1
166 silly currentTree ├── ms@2.0.0
166 silly currentTree ├── negotiator@0.6.1
166 silly currentTree ├── object-assign@4.1.1
166 silly currentTree ├── on-finished@2.3.0
166 silly currentTree ├── parseurl@1.3.2
166 silly currentTree ├── path-parse@1.0.6
166 silly currentTree ├── path-to-regexp@0.1.7
166 silly currentTree ├── promise@7.3.1
166 silly currentTree ├── proxy-addr@2.0.4
166 silly currentTree ├── pug-attrs@2.0.3
166 silly currentTree ├── pug-code-gen@2.0.1
166 silly currentTree ├── pug-error@1.3.2
166 silly currentTree ├── pug-filters@3.1.0
166 silly currentTree ├── pug-lexer@4.0.0
166 silly currentTree ├── pug-linker@3.0.5
166 silly currentTree ├── pug-load@2.0.11
166 silly currentTree ├── pug-parser@5.0.0
166 silly currentTree ├── pug-runtime@2.0.4
166 silly currentTree ├── pug-strip-comments@1.0.3
166 silly currentTree ├── pug-walk@1.1.7
166 silly currentTree ├── pug@2.0.3
166 silly currentTree ├── qs@6.5.1
166 silly currentTree ├── range-parser@1.2.0
166 silly currentTree ├── raw-body@2.3.3
166 silly currentTree ├── regenerator-runtime@0.11.1
166 silly currentTree ├── repeat-string@1.6.1
166 silly currentTree ├── resolve@1.8.1
166 silly currentTree ├── right-align@0.1.3
166 silly currentTree ├── safe-buffer@5.1.1
166 silly currentTree ├── safer-buffer@2.1.2
166 silly currentTree ├── send@0.16.2
166 silly currentTree ├── serve-static@1.13.2
166 silly currentTree ├── setprototypeof@1.1.0
166 silly currentTree ├── source-map@0.6.1
166 silly currentTree ├── statuses@1.4.0
166 silly currentTree ├── to-fast-properties@1.0.3
166 silly currentTree ├── token-stream@0.0.1
166 silly currentTree ├── type-is@1.6.16
166 silly currentTree ├─┬ uglify-js@2.8.29
166 silly currentTree │ └── source-map@0.5.7
166 silly currentTree ├── uglify-to-browserify@1.0.2
166 silly currentTree ├── unpipe@1.0.0
166 silly currentTree ├── utils-merge@1.0.1
166 silly currentTree ├── vary@1.1.2
166 silly currentTree ├── void-elements@2.0.1
166 silly currentTree ├── window-size@0.1.0
166 silly currentTree ├── with@5.1.1
166 silly currentTree ├── wordwrap@0.0.2
166 silly currentTree └── yargs@3.10.0
167 silly idealTree ledlights@1.0.0
167 silly idealTree ├── @types/babel-types@7.0.4
167 silly idealTree ├── @types/babylon@6.16.3
167 silly idealTree ├── accepts@1.3.5
167 silly idealTree ├─┬ acorn-globals@3.1.0
167 silly idealTree │ └── acorn@4.0.13
167 silly idealTree ├── acorn@3.3.0
167 silly idealTree ├── align-text@0.1.4
167 silly idealTree ├── array-flatten@1.1.1
167 silly idealTree ├── asap@2.0.6
167 silly idealTree ├── babel-runtime@6.26.0
167 silly idealTree ├── babel-types@6.26.0
167 silly idealTree ├── babylon@6.18.0
167 silly idealTree ├── bindings@1.3.0
167 silly idealTree ├─┬ body-parser@1.18.3
167 silly idealTree │ └── qs@6.5.2
167 silly idealTree ├── bytes@3.0.0
167 silly idealTree ├── camelcase@1.2.1
167 silly idealTree ├── center-align@0.1.3
167 silly idealTree ├── character-parser@2.2.0
167 silly idealTree ├── clean-css@4.2.1
167 silly idealTree ├── cliui@2.1.0
167 silly idealTree ├── constantinople@3.1.2
167 silly idealTree ├── content-disposition@0.5.2
167 silly idealTree ├── content-type@1.0.4
167 silly idealTree ├── cookie-signature@1.0.6
167 silly idealTree ├── cookie@0.3.1
167 silly idealTree ├── core-js@2.5.7
167 silly idealTree ├── debug@2.6.9
167 silly idealTree ├── decamelize@1.2.0
167 silly idealTree ├── depd@1.1.2
167 silly idealTree ├── destroy@1.0.4
167 silly idealTree ├── doctypes@1.1.0
167 silly idealTree ├── ee-first@1.1.1
167 silly idealTree ├── ejs@2.6.1
167 silly idealTree ├── encodeurl@1.0.2
167 silly idealTree ├── escape-html@1.0.3
167 silly idealTree ├── esutils@2.0.2
167 silly idealTree ├── etag@1.8.1
167 silly idealTree ├─┬ express@4.16.3
167 silly idealTree │ ├── body-parser@1.18.2
167 silly idealTree │ ├── iconv-lite@0.4.19
167 silly idealTree │ └─┬ raw-body@2.3.2
167 silly idealTree │   ├── depd@1.1.1
167 silly idealTree │   ├── http-errors@1.6.2
167 silly idealTree │   └── setprototypeof@1.0.3
167 silly idealTree ├── finalhandler@1.1.1
167 silly idealTree ├── forwarded@0.1.2
167 silly idealTree ├── fresh@0.5.2
167 silly idealTree ├── function-bind@1.1.1
167 silly idealTree ├── has@1.0.3
167 silly idealTree ├── http-errors@1.6.3
167 silly idealTree ├── iconv-lite@0.4.23
167 silly idealTree ├── inherits@2.0.3
167 silly idealTree ├── ipaddr.js@1.8.0
167 silly idealTree ├── is-buffer@1.1.6
167 silly idealTree ├─┬ is-expression@3.0.0
167 silly idealTree │ └── acorn@4.0.13
167 silly idealTree ├── is-promise@2.1.0
167 silly idealTree ├── is-regex@1.0.4
167 silly idealTree ├── js-stringify@1.0.2
167 silly idealTree ├── jstransformer@1.0.0
167 silly idealTree ├── kind-of@3.2.2
167 silly idealTree ├── lazy-cache@1.0.4
167 silly idealTree ├── lodash@4.17.10
167 silly idealTree ├── longest@1.0.1
167 silly idealTree ├── media-typer@0.3.0
167 silly idealTree ├── merge-descriptors@1.0.1
167 silly idealTree ├── methods@1.1.2
167 silly idealTree ├── mime-db@1.35.0
167 silly idealTree ├── mime-types@2.1.19
167 silly idealTree ├── mime@1.4.1
167 silly idealTree ├── ms@2.0.0
167 silly idealTree ├── nan@2.10.0
167 silly idealTree ├── negotiator@0.6.1
167 silly idealTree ├── object-assign@4.1.1
167 silly idealTree ├── on-finished@2.3.0
167 silly idealTree ├── parseurl@1.3.2
167 silly idealTree ├── path-parse@1.0.6
167 silly idealTree ├── path-to-regexp@0.1.7
167 silly idealTree ├── pigpio@1.1.2
167 silly idealTree ├── promise@7.3.1
167 silly idealTree ├── proxy-addr@2.0.4
167 silly idealTree ├── pug-attrs@2.0.3
167 silly idealTree ├── pug-code-gen@2.0.1
167 silly idealTree ├── pug-error@1.3.2
167 silly idealTree ├── pug-filters@3.1.0
167 silly idealTree ├── pug-lexer@4.0.0
167 silly idealTree ├── pug-linker@3.0.5
167 silly idealTree ├── pug-load@2.0.11
167 silly idealTree ├── pug-parser@5.0.0
167 silly idealTree ├── pug-runtime@2.0.4
167 silly idealTree ├── pug-strip-comments@1.0.3
167 silly idealTree ├── pug-walk@1.1.7
167 silly idealTree ├── pug@2.0.3
167 silly idealTree ├── qs@6.5.1
167 silly idealTree ├── range-parser@1.2.0
167 silly idealTree ├── raw-body@2.3.3
167 silly idealTree ├── regenerator-runtime@0.11.1
167 silly idealTree ├── repeat-string@1.6.1
167 silly idealTree ├── resolve@1.8.1
167 silly idealTree ├── right-align@0.1.3
167 silly idealTree ├── safe-buffer@5.1.1
167 silly idealTree ├── safer-buffer@2.1.2
167 silly idealTree ├── send@0.16.2
167 silly idealTree ├── serve-static@1.13.2
167 silly idealTree ├── setprototypeof@1.1.0
167 silly idealTree ├── source-map@0.6.1
167 silly idealTree ├── statuses@1.4.0
167 silly idealTree ├── to-fast-properties@1.0.3
167 silly idealTree ├── token-stream@0.0.1
167 silly idealTree ├── type-is@1.6.16
167 silly idealTree ├─┬ uglify-js@2.8.29
167 silly idealTree │ └── source-map@0.5.7
167 silly idealTree ├── uglify-to-browserify@1.0.2
167 silly idealTree ├── unpipe@1.0.0
167 silly idealTree ├── utils-merge@1.0.1
167 silly idealTree ├── vary@1.1.2
167 silly idealTree ├── void-elements@2.0.1
167 silly idealTree ├── window-size@0.1.0
167 silly idealTree ├── with@5.1.1
167 silly idealTree ├── wordwrap@0.0.2
167 silly idealTree └── yargs@3.10.0
168 silly generateActionsToTake Starting
169 silly install generateActionsToTake
170 silly generateActionsToTake Finishing
171 silly diffTrees action count 3
172 silly diffTrees add bindings@1.3.0
173 silly diffTrees add nan@2.10.0
174 silly diffTrees add pigpio@1.1.2
175 silly decomposeActions action count 24
176 silly decomposeActions fetch bindings@1.3.0
177 silly decomposeActions extract bindings@1.3.0
178 silly decomposeActions test bindings@1.3.0
179 silly decomposeActions preinstall bindings@1.3.0
180 silly decomposeActions build bindings@1.3.0
181 silly decomposeActions install bindings@1.3.0
182 silly decomposeActions postinstall bindings@1.3.0
183 silly decomposeActions finalize bindings@1.3.0
184 silly decomposeActions fetch nan@2.10.0
185 silly decomposeActions extract nan@2.10.0
186 silly decomposeActions test nan@2.10.0
187 silly decomposeActions preinstall nan@2.10.0
188 silly decomposeActions build nan@2.10.0
189 silly decomposeActions install nan@2.10.0
190 silly decomposeActions postinstall nan@2.10.0
191 silly decomposeActions finalize nan@2.10.0
192 silly decomposeActions fetch pigpio@1.1.2
193 silly decomposeActions extract pigpio@1.1.2
194 silly decomposeActions test pigpio@1.1.2
195 silly decomposeActions preinstall pigpio@1.1.2
196 silly decomposeActions build pigpio@1.1.2
197 silly decomposeActions install pigpio@1.1.2
198 silly decomposeActions postinstall pigpio@1.1.2
199 silly decomposeActions finalize pigpio@1.1.2
200 silly runTopLevelLifecycles Starting
201 silly executeActions Starting
202 silly install executeActions
203 silly doSerial global-install 0
204 silly doParallel fetch 3
205 verbose correctMkdir /Users/David/.npm/_locks correctMkdir not in flight; initializing
206 verbose lock using /Users/David/.npm/_locks/staging-d0bc692e6d7c3683.lock for /Users/David/Development/LEDLights/node_modules/.staging
207 silly doParallel extract 3
208 silly extract bindings@1.3.0
209 silly extract nan@2.10.0
210 silly extract pigpio@1.1.2
211 verbose unbuild node_modules/.staging/nan-fa511669
212 verbose unbuild node_modules/.staging/bindings-94da31b8
213 verbose unbuild node_modules/.staging/pigpio-5c354d46
214 silly gentlyRm /Users/David/Development/LEDLights/node_modules/.staging/nan-fa511669 is being purged from base /Users/David/Development/LEDLights
215 verbose gentlyRm don't care about contents; nuking /Users/David/Development/LEDLights/node_modules/.staging/nan-fa511669
216 silly gentlyRm /Users/David/Development/LEDLights/node_modules/.staging/bindings-94da31b8 is being purged from base /Users/David/Development/LEDLights
217 verbose gentlyRm don't care about contents; nuking /Users/David/Development/LEDLights/node_modules/.staging/bindings-94da31b8
218 silly gentlyRm /Users/David/Development/LEDLights/node_modules/.staging/pigpio-5c354d46 is being purged from base /Users/David/Development/LEDLights
219 verbose gentlyRm don't care about contents; nuking /Users/David/Development/LEDLights/node_modules/.staging/pigpio-5c354d46
220 verbose tar unpack /Users/David/.npm/nan/2.10.0/package.tgz
221 verbose tar unpacking to /Users/David/Development/LEDLights/node_modules/.staging/nan-fa511669
222 silly gentlyRm /Users/David/Development/LEDLights/node_modules/.staging/nan-fa511669 is being purged
223 verbose gentlyRm don't care about contents; nuking /Users/David/Development/LEDLights/node_modules/.staging/nan-fa511669
224 verbose tar unpack /Users/David/.npm/bindings/1.3.0/package.tgz
225 verbose tar unpacking to /Users/David/Development/LEDLights/node_modules/.staging/bindings-94da31b8
226 silly gentlyRm /Users/David/Development/LEDLights/node_modules/.staging/bindings-94da31b8 is being purged
227 verbose gentlyRm don't care about contents; nuking /Users/David/Development/LEDLights/node_modules/.staging/bindings-94da31b8
228 verbose tar unpack /Users/David/.npm/pigpio/1.1.2/package.tgz
229 verbose tar unpacking to /Users/David/Development/LEDLights/node_modules/.staging/pigpio-5c354d46
230 silly gentlyRm /Users/David/Development/LEDLights/node_modules/.staging/pigpio-5c354d46 is being purged
231 verbose gentlyRm don't care about contents; nuking /Users/David/Development/LEDLights/node_modules/.staging/pigpio-5c354d46
232 silly gunzTarPerm modes [ '755', '644' ]
233 silly gunzTarPerm modes [ '755', '644' ]
234 silly gunzTarPerm modes [ '755', '644' ]
235 silly gunzTarPerm extractEntry package.json
236 silly gunzTarPerm modified mode [ 'package.json', 436, 420 ]
237 silly gunzTarPerm extractEntry package.json
238 silly gunzTarPerm extractEntry package.json
239 silly gunzTarPerm modified mode [ 'package.json', 436, 420 ]
240 silly gunzTarPerm extractEntry CHANGELOG.md
241 silly gunzTarPerm modified mode [ 'CHANGELOG.md', 436, 420 ]
242 silly gunzTarPerm extractEntry include_dirs.js
243 silly gunzTarPerm modified mode [ 'include_dirs.js', 436, 420 ]
244 silly gunzTarPerm extractEntry README.md
245 silly gunzTarPerm extractEntry bindings.js
246 silly gunzTarPerm extractEntry binding.gyp
247 silly gunzTarPerm modified mode [ 'binding.gyp', 436, 420 ]
248 silly gunzTarPerm extractEntry History.md
249 silly gunzTarPerm modified mode [ 'History.md', 436, 420 ]
250 silly gunzTarPerm extractEntry LICENSE.md
251 silly gunzTarPerm modified mode [ 'LICENSE.md', 436, 420 ]
252 silly gunzTarPerm extractEntry nan_callbacks_12_inl.h
253 silly gunzTarPerm modified mode [ 'nan_callbacks_12_inl.h', 436, 420 ]
254 silly gunzTarPerm extractEntry nan_callbacks_pre_12_inl.h
255 silly gunzTarPerm modified mode [ 'nan_callbacks_pre_12_inl.h', 436, 420 ]
256 silly gunzTarPerm extractEntry LICENSE
257 silly gunzTarPerm modified mode [ 'LICENSE', 436, 420 ]
258 silly gunzTarPerm extractEntry pigpio.js
259 silly gunzTarPerm modified mode [ 'pigpio.js', 509, 493 ]
260 silly gunzTarPerm extractEntry nan_callbacks.h
261 silly gunzTarPerm modified mode [ 'nan_callbacks.h', 436, 420 ]
262 silly gunzTarPerm extractEntry README.md
263 silly gunzTarPerm modified mode [ 'README.md', 436, 420 ]
264 silly gunzTarPerm extractEntry nan_converters_43_inl.h
265 silly gunzTarPerm modified mode [ 'nan_converters_43_inl.h', 436, 420 ]
266 silly gunzTarPerm extractEntry nan_converters_pre_43_inl.h
267 silly gunzTarPerm modified mode [ 'nan_converters_pre_43_inl.h', 436, 420 ]
268 silly gunzTarPerm extractEntry doc/configuration.md
269 silly gunzTarPerm modified mode [ 'doc/configuration.md', 436, 420 ]
270 silly gunzTarPerm extractEntry doc/gpio.md
271 silly gunzTarPerm modified mode [ 'doc/gpio.md', 436, 420 ]
272 silly gunzTarPerm extractEntry nan_converters.h
273 silly gunzTarPerm modified mode [ 'nan_converters.h', 436, 420 ]
274 silly gunzTarPerm extractEntry nan_define_own_property_helper.h
275 silly gunzTarPerm modified mode [ 'nan_define_own_property_helper.h', 436, 420 ]
276 silly gunzTarPerm extractEntry doc/gpiobank.md
277 silly gunzTarPerm modified mode [ 'doc/gpiobank.md', 436, 420 ]
278 silly gunzTarPerm extractEntry doc/notifier.md
279 silly gunzTarPerm modified mode [ 'doc/notifier.md', 436, 420 ]
280 silly gunzTarPerm extractEntry nan_implementation_12_inl.h
281 silly gunzTarPerm modified mode [ 'nan_implementation_12_inl.h', 436, 420 ]
282 silly gunzTarPerm extractEntry nan_implementation_pre_12_inl.h
283 silly gunzTarPerm modified mode [ 'nan_implementation_pre_12_inl.h', 436, 420 ]
284 silly gunzTarPerm extractEntry nan_json.h
285 silly gunzTarPerm modified mode [ 'nan_json.h', 436, 420 ]
286 silly gunzTarPerm extractEntry nan_maybe_43_inl.h
287 silly gunzTarPerm modified mode [ 'nan_maybe_43_inl.h', 436, 420 ]
288 silly gentlyRm /Users/David/Development/LEDLights/node_modules/.staging/bindings-94da31b8/node_modules is being purged
289 verbose gentlyRm don't care about contents; nuking /Users/David/Development/LEDLights/node_modules/.staging/bindings-94da31b8/node_modules
290 silly gunzTarPerm extractEntry doc/troubleshooting.md
291 silly gunzTarPerm modified mode [ 'doc/troubleshooting.md', 436, 420 ]
292 silly gunzTarPerm extractEntry example/alert.js
293 silly gunzTarPerm modified mode [ 'example/alert.js', 436, 420 ]
294 silly gunzTarPerm extractEntry nan_maybe_pre_43_inl.h
295 silly gunzTarPerm modified mode [ 'nan_maybe_pre_43_inl.h', 436, 420 ]
296 silly gunzTarPerm extractEntry nan_new.h
297 silly gunzTarPerm modified mode [ 'nan_new.h', 436, 420 ]
298 silly gunzTarPerm extractEntry example/blinky.js
299 silly gunzTarPerm modified mode [ 'example/blinky.js', 436, 420 ]
300 silly gunzTarPerm extractEntry example/button-debounce.js
301 silly gunzTarPerm modified mode [ 'example/button-debounce.js', 436, 420 ]
302 silly gunzTarPerm extractEntry nan_object_wrap.h
303 silly gunzTarPerm modified mode [ 'nan_object_wrap.h', 436, 420 ]
304 silly gunzTarPerm extractEntry nan_persistent_12_inl.h
305 silly gunzTarPerm modified mode [ 'nan_persistent_12_inl.h', 436, 420 ]
306 silly gunzTarPerm extractEntry example/button-debounce.png
307 silly gunzTarPerm modified mode [ 'example/button-debounce.png', 436, 420 ]
308 silly gunzTarPerm extractEntry nan_persistent_pre_12_inl.h
309 silly gunzTarPerm modified mode [ 'nan_persistent_pre_12_inl.h', 436, 420 ]
310 silly gunzTarPerm extractEntry nan_private.h
311 silly gunzTarPerm modified mode [ 'nan_private.h', 436, 420 ]
312 silly gunzTarPerm extractEntry example/distance-hc-sr04.js
313 silly gunzTarPerm modified mode [ 'example/distance-hc-sr04.js', 436, 420 ]
314 silly gunzTarPerm extractEntry nan_string_bytes.h
315 silly gunzTarPerm modified mode [ 'nan_string_bytes.h', 436, 420 ]
316 silly gunzTarPerm extractEntry nan_typedarray_contents.h
317 silly gunzTarPerm modified mode [ 'nan_typedarray_contents.h', 436, 420 ]
318 silly gunzTarPerm extractEntry example/distance-hc-sr04.png
319 silly gunzTarPerm modified mode [ 'example/distance-hc-sr04.png', 436, 420 ]
320 silly gunzTarPerm extractEntry nan_weak.h
321 silly gunzTarPerm modified mode [ 'nan_weak.h', 436, 420 ]
322 silly gunzTarPerm extractEntry nan.h
323 silly gunzTarPerm modified mode [ 'nan.h', 436, 420 ]
324 silly gunzTarPerm extractEntry README.md
325 silly gunzTarPerm modified mode [ 'README.md', 436, 420 ]
326 silly gunzTarPerm extractEntry doc/asyncworker.md
327 silly gunzTarPerm modified mode [ 'doc/asyncworker.md', 436, 420 ]
328 silly gunzTarPerm extractEntry doc/buffers.md
329 silly gunzTarPerm modified mode [ 'doc/buffers.md', 436, 420 ]
330 silly gunzTarPerm extractEntry doc/callback.md
331 silly gunzTarPerm modified mode [ 'doc/callback.md', 436, 420 ]
332 silly gunzTarPerm extractEntry example/gpio-info.js
333 silly gunzTarPerm modified mode [ 'example/gpio-info.js', 436, 420 ]
334 silly gunzTarPerm extractEntry example/led-button.png
335 silly gunzTarPerm modified mode [ 'example/led-button.png', 436, 420 ]
336 silly gunzTarPerm extractEntry doc/converters.md
337 silly gunzTarPerm modified mode [ 'doc/converters.md', 436, 420 ]
338 silly gunzTarPerm extractEntry doc/errors.md
339 silly gunzTarPerm modified mode [ 'doc/errors.md', 436, 420 ]
340 silly gunzTarPerm extractEntry doc/json.md
341 silly gunzTarPerm modified mode [ 'doc/json.md', 436, 420 ]
342 silly gunzTarPerm extractEntry doc/maybe_types.md
343 silly gunzTarPerm modified mode [ 'doc/maybe_types.md', 436, 420 ]
344 silly gunzTarPerm extractEntry doc/methods.md
345 silly gunzTarPerm modified mode [ 'doc/methods.md', 436, 420 ]
346 silly gunzTarPerm extractEntry doc/new.md
347 silly gunzTarPerm modified mode [ 'doc/new.md', 436, 420 ]
348 silly gunzTarPerm extractEntry example/light-switch.js
349 silly gunzTarPerm modified mode [ 'example/light-switch.js', 436, 420 ]
350 silly gunzTarPerm extractEntry example/pulse-led.js
351 silly gunzTarPerm modified mode [ 'example/pulse-led.js', 436, 420 ]
352 silly gunzTarPerm extractEntry doc/node_misc.md
353 silly gunzTarPerm modified mode [ 'doc/node_misc.md', 436, 420 ]
354 silly gunzTarPerm extractEntry doc/object_wrappers.md
355 silly gunzTarPerm modified mode [ 'doc/object_wrappers.md', 436, 420 ]
356 silly gunzTarPerm extractEntry example/servo.js
357 silly gunzTarPerm modified mode [ 'example/servo.js', 436, 420 ]
358 silly gunzTarPerm extractEntry example/servo.png
359 silly gunzTarPerm modified mode [ 'example/servo.png', 436, 420 ]
360 silly gunzTarPerm extractEntry doc/persistent.md
361 silly gunzTarPerm modified mode [ 'doc/persistent.md', 436, 420 ]
362 silly gunzTarPerm extractEntry doc/scopes.md
363 silly gunzTarPerm modified mode [ 'doc/scopes.md', 436, 420 ]
364 silly gunzTarPerm extractEntry doc/script.md
365 silly gunzTarPerm modified mode [ 'doc/script.md', 436, 420 ]
366 silly gunzTarPerm extractEntry doc/string_bytes.md
367 silly gunzTarPerm modified mode [ 'doc/string_bytes.md', 436, 420 ]
368 silly gunzTarPerm extractEntry doc/v8_internals.md
369 silly gunzTarPerm modified mode [ 'doc/v8_internals.md', 436, 420 ]
370 silly gunzTarPerm extractEntry doc/v8_misc.md
371 silly gunzTarPerm modified mode [ 'doc/v8_misc.md', 436, 420 ]
372 silly gunzTarPerm extractEntry tools/1to2.js
373 silly gunzTarPerm modified mode [ 'tools/1to2.js', 509, 493 ]
374 silly gunzTarPerm extractEntry tools/package.json
375 silly gunzTarPerm modified mode [ 'tools/package.json', 436, 420 ]
376 silly gunzTarPerm extractEntry tools/README.md
377 silly gunzTarPerm modified mode [ 'tools/README.md', 436, 420 ]
378 silly gunzTarPerm extractEntry src/pigpio.cc
379 silly gunzTarPerm modified mode [ 'src/pigpio.cc', 509, 493 ]
380 silly gunzTarPerm extractEntry test/alert-pwm-measurement.js
381 silly gunzTarPerm modified mode [ 'test/alert-pwm-measurement.js', 436, 420 ]
382 silly gunzTarPerm extractEntry test/alert-trigger-pulse-measurement.js
383 silly gunzTarPerm modified mode [ 'test/alert-trigger-pulse-measurement.js', 436, 420 ]
384 silly gunzTarPerm extractEntry test/alert.js
385 silly gunzTarPerm modified mode [ 'test/alert.js', 436, 420 ]
386 silly gunzTarPerm extractEntry test/banked-leds.js
387 silly gunzTarPerm modified mode [ 'test/banked-leds.js', 436, 420 ]
388 silly gunzTarPerm extractEntry test/blinky-pwm.js
389 silly gunzTarPerm modified mode [ 'test/blinky-pwm.js', 436, 420 ]
390 silly gunzTarPerm extractEntry test/blinky.js
391 silly gunzTarPerm modified mode [ 'test/blinky.js', 436, 420 ]
392 silly gunzTarPerm extractEntry test/digital-read-performance.js
393 silly gunzTarPerm modified mode [ 'test/digital-read-performance.js', 436, 420 ]
394 silly gunzTarPerm extractEntry test/digital-write-performance.js
395 silly gunzTarPerm modified mode [ 'test/digital-write-performance.js', 436, 420 ]
396 silly gunzTarPerm extractEntry test/do-nothing.js
397 silly gunzTarPerm modified mode [ 'test/do-nothing.js', 436, 420 ]
398 silly gunzTarPerm extractEntry test/gpio-glitch-filter.js
399 silly gunzTarPerm modified mode [ 'test/gpio-glitch-filter.js', 436, 420 ]
400 silly gunzTarPerm extractEntry test/gpio-mode.js
401 silly gunzTarPerm modified mode [ 'test/gpio-mode.js', 436, 420 ]
402 silly gunzTarPerm extractEntry test/gpio-numbers.js
403 silly gunzTarPerm modified mode [ 'test/gpio-numbers.js', 436, 420 ]
404 silly gunzTarPerm extractEntry test/hardware-revision.js
405 silly gunzTarPerm modified mode [ 'test/hardware-revision.js', 436, 420 ]
406 silly gunzTarPerm extractEntry test/isr-enable-disable.js
407 silly gunzTarPerm modified mode [ 'test/isr-enable-disable.js', 436, 420 ]
408 silly gunzTarPerm extractEntry test/isr-multiple-sources.js
409 silly gunzTarPerm modified mode [ 'test/isr-multiple-sources.js', 436, 420 ]
410 silly gunzTarPerm extractEntry test/isr-performance.js
411 silly gunzTarPerm modified mode [ 'test/isr-performance.js', 436, 420 ]
412 silly gunzTarPerm extractEntry test/isr-timeouts-2.js
413 silly gunzTarPerm modified mode [ 'test/isr-timeouts-2.js', 436, 420 ]
414 silly gunzTarPerm extractEntry test/isr-timeouts.js
415 silly gunzTarPerm modified mode [ 'test/isr-timeouts.js', 436, 420 ]
416 silly gunzTarPerm extractEntry test/light-switch.js
417 silly gunzTarPerm modified mode [ 'test/light-switch.js', 436, 420 ]
418 silly gunzTarPerm extractEntry test/notifier-pwm.js
419 silly gunzTarPerm modified mode [ 'test/notifier-pwm.js', 436, 420 ]
420 silly gunzTarPerm extractEntry test/notifier.js
421 silly gunzTarPerm modified mode [ 'test/notifier.js', 436, 420 ]
422 silly gunzTarPerm extractEntry test/pull-up-down.js
423 silly gunzTarPerm modified mode [ 'test/pull-up-down.js', 436, 420 ]
424 silly gunzTarPerm extractEntry test/pulse-led.js
425 silly gunzTarPerm modified mode [ 'test/pulse-led.js', 436, 420 ]
426 silly gunzTarPerm extractEntry test/pwm.js
427 silly gunzTarPerm modified mode [ 'test/pwm.js', 436, 420 ]
428 silly gunzTarPerm extractEntry test/run-tests
429 silly gunzTarPerm modified mode [ 'test/run-tests', 509, 493 ]
430 silly gunzTarPerm extractEntry test/servo-control.js
431 silly gunzTarPerm modified mode [ 'test/servo-control.js', 436, 420 ]
432 silly gunzTarPerm extractEntry test/stress/notifier-leak-check.js
433 silly gunzTarPerm modified mode [ 'test/stress/notifier-leak-check.js', 436, 420 ]
434 silly gunzTarPerm extractEntry test/stress/notifier-stress.js
435 silly gunzTarPerm modified mode [ 'test/stress/notifier-stress.js', 436, 420 ]
436 silly gunzTarPerm extractEntry test/terminate.js
437 silly gunzTarPerm modified mode [ 'test/terminate.js', 436, 420 ]
438 silly gunzTarPerm extractEntry test/trigger-led.js
439 silly gunzTarPerm modified mode [ 'test/trigger-led.js', 436, 420 ]
440 silly gentlyRm /Users/David/Development/LEDLights/node_modules/.staging/nan-fa511669/node_modules is being purged
441 verbose gentlyRm don't care about contents; nuking /Users/David/Development/LEDLights/node_modules/.staging/nan-fa511669/node_modules
442 silly gentlyRm /Users/David/Development/LEDLights/node_modules/.staging/pigpio-5c354d46/node_modules is being purged
443 verbose gentlyRm don't care about contents; nuking /Users/David/Development/LEDLights/node_modules/.staging/pigpio-5c354d46/node_modules
444 silly doParallel preinstall 3
445 silly preinstall bindings@1.3.0 /Users/David/Development/LEDLights/node_modules/.staging/bindings-94da31b8
446 info lifecycle bindings@1.3.0~preinstall: bindings@1.3.0
447 silly preinstall nan@2.10.0 /Users/David/Development/LEDLights/node_modules/.staging/nan-fa511669
448 info lifecycle nan@2.10.0~preinstall: nan@2.10.0
449 silly preinstall pigpio@1.1.2 /Users/David/Development/LEDLights/node_modules/.staging/pigpio-5c354d46
450 info lifecycle pigpio@1.1.2~preinstall: pigpio@1.1.2
451 silly lifecycle bindings@1.3.0~preinstall: no script for preinstall, continuing
452 silly lifecycle nan@2.10.0~preinstall: no script for preinstall, continuing
453 silly lifecycle pigpio@1.1.2~preinstall: no script for preinstall, continuing
454 silly doReverseSerial remove 0
455 silly doSerial move 0
456 silly doSerial finalize 3
457 silly finalize /Users/David/Development/LEDLights/node_modules/bindings
458 silly finalize /Users/David/Development/LEDLights/node_modules/nan
459 silly finalize /Users/David/Development/LEDLights/node_modules/pigpio
460 silly doSerial build 3
461 silly build bindings@1.3.0
462 info linkStuff bindings@1.3.0
463 silly linkStuff bindings@1.3.0 has /Users/David/Development/LEDLights/node_modules as its parent node_modules
464 verbose linkBins bindings@1.3.0
465 verbose linkMans bindings@1.3.0
466 silly build nan@2.10.0
467 info linkStuff nan@2.10.0
468 silly linkStuff nan@2.10.0 has /Users/David/Development/LEDLights/node_modules as its parent node_modules
469 verbose linkBins nan@2.10.0
470 verbose linkMans nan@2.10.0
471 silly build pigpio@1.1.2
472 info linkStuff pigpio@1.1.2
473 silly linkStuff pigpio@1.1.2 has /Users/David/Development/LEDLights/node_modules as its parent node_modules
474 verbose linkBins pigpio@1.1.2
475 verbose linkMans pigpio@1.1.2
476 silly doSerial global-link 0
477 silly doParallel update-linked 0
478 silly doSerial install 3
479 silly install bindings@1.3.0 /Users/David/Development/LEDLights/node_modules/.staging/bindings-94da31b8
480 info lifecycle bindings@1.3.0~install: bindings@1.3.0
481 silly lifecycle bindings@1.3.0~install: no script for install, continuing
482 silly install nan@2.10.0 /Users/David/Development/LEDLights/node_modules/.staging/nan-fa511669
483 info lifecycle nan@2.10.0~install: nan@2.10.0
484 silly lifecycle nan@2.10.0~install: no script for install, continuing
485 silly install pigpio@1.1.2 /Users/David/Development/LEDLights/node_modules/.staging/pigpio-5c354d46
486 info lifecycle pigpio@1.1.2~install: pigpio@1.1.2
487 verbose lifecycle pigpio@1.1.2~install: unsafe-perm in lifecycle true
488 verbose lifecycle pigpio@1.1.2~install: PATH: /usr/local/lib/node_modules/npm/bin/node-gyp-bin:/Users/David/Development/LEDLights/node_modules/pigpio/node_modules/.bin:/Users/David/Development/LEDLights/node_modules/.bin:/usr/local/bin:/usr/bin:/bin:/usr/sbin:/sbin:/Library/Frameworks/Mono.framework/Versions/Current/Commands
489 verbose lifecycle pigpio@1.1.2~install: CWD: /Users/David/Development/LEDLights/node_modules/pigpio
490 silly lifecycle pigpio@1.1.2~install: Args: [ '-c', 'node-gyp rebuild' ]
491 silly lifecycle pigpio@1.1.2~install: Returned: code: 1  signal: null
492 info lifecycle pigpio@1.1.2~install: Failed to exec install script
493 verbose unlock done using /Users/David/.npm/_locks/staging-d0bc692e6d7c3683.lock for /Users/David/Development/LEDLights/node_modules/.staging
494 silly rollbackFailedOptional Starting
495 silly rollbackFailedOptional Finishing
496 silly runTopLevelLifecycles Finishing
497 silly install printInstalled
498 warn ledlights@1.0.0 No description
499 verbose If you need help, you may report this error at:
499 verbose     <https://github.com/npm/npm/issues>
500 warn ledlights@1.0.0 No repository field.
501 verbose If you need help, you may report this error at:
501 verbose     <https://github.com/npm/npm/issues>
502 verbose stack Error: pigpio@1.1.2 install: `node-gyp rebuild`
502 verbose stack Exit status 1
502 verbose stack     at EventEmitter.<anonymous> (/usr/local/lib/node_modules/npm/lib/utils/lifecycle.js:255:16)
502 verbose stack     at emitTwo (events.js:106:13)
502 verbose stack     at EventEmitter.emit (events.js:191:7)
502 verbose stack     at ChildProcess.<anonymous> (/usr/local/lib/node_modules/npm/lib/utils/spawn.js:40:14)
502 verbose stack     at emitTwo (events.js:106:13)
502 verbose stack     at ChildProcess.emit (events.js:191:7)
502 verbose stack     at maybeClose (internal/child_process.js:920:16)
502 verbose stack     at Process.ChildProcess._handle.onexit (internal/child_process.js:230:5)
503 verbose pkgid pigpio@1.1.2
504 verbose cwd /Users/David/Development/LEDLights
505 error Darwin 17.7.0
506 error argv "/usr/local/bin/node" "/usr/local/bin/npm" "install" "pigpio" "--save"
507 error node v6.11.4
508 error npm  v3.10.10
509 error code ELIFECYCLE
510 error pigpio@1.1.2 install: `node-gyp rebuild`
510 error Exit status 1
511 error Failed at the pigpio@1.1.2 install script 'node-gyp rebuild'.
511 error Make sure you have the latest version of node.js and npm installed.
511 error If you do, this is most likely a problem with the pigpio package,
511 error not with npm itself.
511 error Tell the author that this fails on your system:
511 error     node-gyp rebuild
511 error You can get information on how to open an issue for this project with:
511 error     npm bugs pigpio
511 error Or if that isn't available, you can get their info via:
511 error     npm owner ls pigpio
511 error There is likely additional logging output above.
512 verbose exit [ 1, true ]
